app/build/intermediates/manifest_merge_blame_file/debug/manifest-merger-blame-debug-report.txt
1<?xml version="1.0" encoding="utf-8"?>
2<manifest xmlns:android="http://schemas.android.com/apk/res/android"
3    package="com.example.weather"
4    android:versionCode="1"
5    android:versionName="1.0" >
6
7    <uses-sdk
8        android:minSdkVersion="16"
9        android:targetSdkVersion="30" />
10
11    <uses-permission android:name="android.permission.ACCESS_MOCK_LOCATION" />
11-->src\debug\AndroidManifest.xml:3:5-79
11-->src\debug\AndroidManifest.xml:3:22-76
12    <uses-permission android:name="android.permission.ACCESS_FINE_LOCATION" />
12-->src\main\AndroidManifest.xml:5:5-79
12-->src\main\AndroidManifest.xml:5:22-76
13    <uses-permission android:name="android.permission. ACCESS_COARSE_LOCATION" />
13-->src\main\AndroidManifest.xml:6:5-82
13-->src\main\AndroidManifest.xml:6:22-79
14    <uses-permission android:name="android.permission.INTERNET" />
14-->src\main\AndroidManifest.xml:7:5-66
14-->src\main\AndroidManifest.xml:7:22-64
15    <uses-permission android:name="android.permission.ACCESS_FINE_LOCATION" />
15-->src\main\AndroidManifest.xml:5:5-79
15-->src\main\AndroidManifest.xml:5:22-76
16    <uses-permission android:name="android.permission.ACCESS_COARSE_LOCATION" />
16-->src\main\AndroidManifest.xml:9:5-80
16-->src\main\AndroidManifest.xml:9:22-78
17    <uses-permission android:name="android.permission.ACCESS_NETWORK_STATE" />
17-->[com.google.android.gms:play-services-measurement-api:18.0.0] AndroidManifest.xml:23:5-79
17-->[com.google.android.gms:play-services-measurement-api:18.0.0] AndroidManifest.xml:23:22-76
18    <uses-permission android:name="android.permission.WAKE_LOCK" /> <!-- Android package visibility setting -->
18-->[com.google.android.gms:play-services-measurement-api:18.0.0] AndroidManifest.xml:24:5-68
18-->[com.google.android.gms:play-services-measurement-api:18.0.0] AndroidManifest.xml:24:22-65
19    <queries>
19-->[com.google.android.gms:play-services-ads-lite:20.2.0] AndroidManifest.xml:27:5-43:15
20
21        <!-- For browser content -->
22        <intent>
22-->[com.google.android.gms:play-services-ads-lite:20.2.0] AndroidManifest.xml:30:9-36:18
23            <action android:name="android.intent.action.VIEW" />
23-->[com.google.android.gms:play-services-ads-lite:20.2.0] AndroidManifest.xml:31:13-65
23-->[com.google.android.gms:play-services-ads-lite:20.2.0] AndroidManifest.xml:31:21-62
24
25            <category android:name="android.intent.category.BROWSABLE" />
25-->[com.google.android.gms:play-services-ads-lite:20.2.0] AndroidManifest.xml:33:13-74
25-->[com.google.android.gms:play-services-ads-lite:20.2.0] AndroidManifest.xml:33:23-71
26
27            <data android:scheme="https" />
27-->[com.google.android.gms:play-services-ads-lite:20.2.0] AndroidManifest.xml:35:13-44
27-->[com.google.android.gms:play-services-ads-lite:20.2.0] AndroidManifest.xml:35:19-41
28        </intent>
29        <!-- End of browser content -->
30        <!-- For CustomTabsService -->
31        <intent>
31-->[com.google.android.gms:play-services-ads-lite:20.2.0] AndroidManifest.xml:39:9-41:18
32            <action android:name="android.support.customtabs.action.CustomTabsService" />
32-->[com.google.android.gms:play-services-ads-lite:20.2.0] AndroidManifest.xml:40:13-90
32-->[com.google.android.gms:play-services-ads-lite:20.2.0] AndroidManifest.xml:40:21-87
33        </intent>
34        <!-- End of CustomTabsService -->
35    </queries>
36
37    <uses-permission android:name="com.google.android.finsky.permission.BIND_GET_INSTALL_REFERRER_SERVICE" />
37-->[com.google.android.gms:play-services-measurement:18.0.0] AndroidManifest.xml:26:5-110
37-->[com.google.android.gms:play-services-measurement:18.0.0] AndroidManifest.xml:26:22-107
38    <uses-permission android:name="android.permission.RECEIVE_BOOT_COMPLETED" />
38-->[androidx.work:work-runtime:2.1.0] AndroidManifest.xml:27:5-81
38-->[androidx.work:work-runtime:2.1.0] AndroidManifest.xml:27:22-78
39
40    <application
40-->src\main\AndroidManifest.xml:11:5-30:19
41        android:name="androidx.multidex.MultiDexApplication"
42        android:allowBackup="true"
42-->src\main\AndroidManifest.xml:12:9-35
43        android:appComponentFactory="androidx.core.app.CoreComponentFactory"
43-->[androidx.core:core:1.5.0] AndroidManifest.xml:24:18-86
44        android:debuggable="true"
45        android:icon="@drawable/weather"
45-->src\main\AndroidManifest.xml:13:9-41
46        android:label="@string/app_name"
46-->src\main\AndroidManifest.xml:14:9-41
47        android:roundIcon="@raw/weather"
47-->src\main\AndroidManifest.xml:15:9-41
48        android:supportsRtl="true"
48-->src\main\AndroidManifest.xml:16:9-35
49        android:theme="@style/Theme.Weather" >
49-->src\main\AndroidManifest.xml:17:9-45
50        <meta-data
50-->src\main\AndroidManifest.xml:19:9-21:69
51            android:name="com.google.android.gms.ads.APPLICATION_ID"
51-->src\main\AndroidManifest.xml:20:13-69
52            android:value="ca-app-pub-9529083877933683~4413355019" />
52-->src\main\AndroidManifest.xml:21:13-67
53
54        <activity android:name="com.example.weather.MainActivity" >
54-->src\main\AndroidManifest.xml:23:9-29:20
54-->src\main\AndroidManifest.xml:23:19-47
55            <intent-filter>
55-->src\main\AndroidManifest.xml:24:13-28:29
56                <action android:name="android.intent.action.MAIN" />
56-->src\main\AndroidManifest.xml:25:17-69
56-->src\main\AndroidManifest.xml:25:25-66
57
58                <category android:name="android.intent.category.LAUNCHER" />
58-->src\main\AndroidManifest.xml:27:17-77
58-->src\main\AndroidManifest.xml:27:27-74
59            </intent-filter>
60        </activity>
61        <activity
61-->[com.google.android.gms:play-services-base:17.5.0] AndroidManifest.xml:23:9-26:75
62            android:name="com.google.android.gms.common.api.GoogleApiActivity"
62-->[com.google.android.gms:play-services-base:17.5.0] AndroidManifest.xml:24:13-79
63            android:exported="false"
63-->[com.google.android.gms:play-services-base:17.5.0] AndroidManifest.xml:25:13-37
64            android:theme="@android:style/Theme.Translucent.NoTitleBar" />
64-->[com.google.android.gms:play-services-base:17.5.0] AndroidManifest.xml:26:13-72
65
66        <service
66-->[com.google.android.gms:play-services-measurement-api:18.0.0] AndroidManifest.xml:27:9-33:19
67            android:name="com.google.firebase.components.ComponentDiscoveryService"
67-->[com.google.android.gms:play-services-measurement-api:18.0.0] AndroidManifest.xml:28:13-84
68            android:directBootAware="true"
68-->[com.google.firebase:firebase-common:19.3.0] AndroidManifest.xml:34:13-43
69            android:exported="false" >
69-->[com.google.android.gms:play-services-measurement-api:18.0.0] AndroidManifest.xml:29:13-37
70            <meta-data
70-->[com.google.android.gms:play-services-measurement-api:18.0.0] AndroidManifest.xml:30:13-32:85
71                android:name="com.google.firebase.components:com.google.firebase.analytics.connector.internal.AnalyticsConnectorRegistrar"
71-->[com.google.android.gms:play-services-measurement-api:18.0.0] AndroidManifest.xml:31:17-139
72                android:value="com.google.firebase.components.ComponentRegistrar" />
72-->[com.google.android.gms:play-services-measurement-api:18.0.0] AndroidManifest.xml:32:17-82
73            <meta-data
73-->[com.google.firebase:firebase-installations:16.3.2] AndroidManifest.xml:17:13-19:85
74                android:name="com.google.firebase.components:com.google.firebase.installations.FirebaseInstallationsRegistrar"
74-->[com.google.firebase:firebase-installations:16.3.2] AndroidManifest.xml:18:17-127
75                android:value="com.google.firebase.components.ComponentRegistrar" />
75-->[com.google.firebase:firebase-installations:16.3.2] AndroidManifest.xml:19:17-82
76        </service>
77
78        <provider
78-->[com.google.firebase:firebase-common:19.3.0] AndroidManifest.xml:26:9-30:39
79            android:name="com.google.firebase.provider.FirebaseInitProvider"
79-->[com.google.firebase:firebase-common:19.3.0] AndroidManifest.xml:27:13-77
80            android:authorities="com.example.weather.firebaseinitprovider"
80-->[com.google.firebase:firebase-common:19.3.0] AndroidManifest.xml:28:13-72
81            android:exported="false"
81-->[com.google.firebase:firebase-common:19.3.0] AndroidManifest.xml:29:13-37
82            android:initOrder="100" /> <!-- Include the AdActivity and InAppPurchaseActivity configChanges and themes. -->
82-->[com.google.firebase:firebase-common:19.3.0] AndroidManifest.xml:30:13-36
83        <activity
83-->[com.google.android.gms:play-services-ads-lite:20.2.0] AndroidManifest.xml:48:9-52:64
84            android:name="com.google.android.gms.ads.AdActivity"
84-->[com.google.android.gms:play-services-ads-lite:20.2.0] AndroidManifest.xml:49:13-65
85            android:configChanges="keyboard|keyboardHidden|orientation|screenLayout|uiMode|screenSize|smallestScreenSize"
85-->[com.google.android.gms:play-services-ads-lite:20.2.0] AndroidManifest.xml:50:13-122
86            android:exported="false"
86-->[com.google.android.gms:play-services-ads-lite:20.2.0] AndroidManifest.xml:51:13-37
87            android:theme="@android:style/Theme.Translucent" />
87-->[com.google.android.gms:play-services-ads-lite:20.2.0] AndroidManifest.xml:52:13-61
88
89        <provider
89-->[com.google.android.gms:play-services-ads-lite:20.2.0] AndroidManifest.xml:54:9-58:39
90            android:name="com.google.android.gms.ads.MobileAdsInitProvider"
90-->[com.google.android.gms:play-services-ads-lite:20.2.0] AndroidManifest.xml:55:13-76
91            android:authorities="com.example.weather.mobileadsinitprovider"
91-->[com.google.android.gms:play-services-ads-lite:20.2.0] AndroidManifest.xml:56:13-73
92            android:exported="false"
92-->[com.google.android.gms:play-services-ads-lite:20.2.0] AndroidManifest.xml:57:13-37
93            android:initOrder="100" />
93-->[com.google.android.gms:play-services-ads-lite:20.2.0] AndroidManifest.xml:58:13-36
94
95        <service
95-->[com.google.android.gms:play-services-ads-lite:20.2.0] AndroidManifest.xml:60:9-63:40
96            android:name="com.google.android.gms.ads.AdService"
96-->[com.google.android.gms:play-services-ads-lite:20.2.0] AndroidManifest.xml:61:13-64
97            android:enabled="true"
97-->[com.google.android.gms:play-services-ads-lite:20.2.0] AndroidManifest.xml:62:13-35
98            android:exported="false" />
98-->[com.google.android.gms:play-services-ads-lite:20.2.0] AndroidManifest.xml:63:13-37
99
100        <receiver
100-->[com.google.android.gms:play-services-measurement:18.0.0] AndroidManifest.xml:29:9-33:20
101            android:name="com.google.android.gms.measurement.AppMeasurementReceiver"
101-->[com.google.android.gms:play-services-measurement:18.0.0] AndroidManifest.xml:30:13-85
102            android:enabled="true"
102-->[com.google.android.gms:play-services-measurement:18.0.0] AndroidManifest.xml:31:13-35
103            android:exported="false" >
103-->[com.google.android.gms:play-services-measurement:18.0.0] AndroidManifest.xml:32:13-37
104        </receiver>
105
106        <service
106-->[com.google.android.gms:play-services-measurement:18.0.0] AndroidManifest.xml:35:9-38:40
107            android:name="com.google.android.gms.measurement.AppMeasurementService"
107-->[com.google.android.gms:play-services-measurement:18.0.0] AndroidManifest.xml:36:13-84
108            android:enabled="true"
108-->[com.google.android.gms:play-services-measurement:18.0.0] AndroidManifest.xml:37:13-35
109            android:exported="false" />
109-->[com.google.android.gms:play-services-measurement:18.0.0] AndroidManifest.xml:38:13-37
110        <service
110-->[com.google.android.gms:play-services-measurement:18.0.0] AndroidManifest.xml:39:9-43:72
111            android:name="com.google.android.gms.measurement.AppMeasurementJobService"
111-->[com.google.android.gms:play-services-measurement:18.0.0] AndroidManifest.xml:40:13-87
112            android:enabled="true"
112-->[com.google.android.gms:play-services-measurement:18.0.0] AndroidManifest.xml:41:13-35
113            android:exported="false"
113-->[com.google.android.gms:play-services-measurement:18.0.0] AndroidManifest.xml:42:13-37
114            android:permission="android.permission.BIND_JOB_SERVICE" />
114-->[com.google.android.gms:play-services-measurement:18.0.0] AndroidManifest.xml:43:13-69
115
116        <meta-data
116-->[com.google.android.gms:play-services-basement:17.6.0] AndroidManifest.xml:23:9-25:69
117            android:name="com.google.android.gms.version"
117-->[com.google.android.gms:play-services-basement:17.6.0] AndroidManifest.xml:24:13-58
118            android:value="@integer/google_play_services_version" />
118-->[com.google.android.gms:play-services-basement:17.6.0] AndroidManifest.xml:25:13-66
119
120        <provider
120-->[androidx.work:work-runtime:2.1.0] AndroidManifest.xml:30:9-36:35
121            android:name="androidx.work.impl.WorkManagerInitializer"
121-->[androidx.work:work-runtime:2.1.0] AndroidManifest.xml:31:13-69
122            android:authorities="com.example.weather.workmanager-init"
122-->[androidx.work:work-runtime:2.1.0] AndroidManifest.xml:32:13-68
123            android:directBootAware="false"
123-->[androidx.work:work-runtime:2.1.0] AndroidManifest.xml:33:13-44
124            android:exported="false"
124-->[androidx.work:work-runtime:2.1.0] AndroidManifest.xml:34:13-37
125            android:multiprocess="true" />
125-->[androidx.work:work-runtime:2.1.0] AndroidManifest.xml:35:13-40
126
127        <service
127-->[androidx.work:work-runtime:2.1.0] AndroidManifest.xml:38:9-43:35
128            android:name="androidx.work.impl.background.systemalarm.SystemAlarmService"
128-->[androidx.work:work-runtime:2.1.0] AndroidManifest.xml:39:13-88
129            android:directBootAware="false"
129-->[androidx.work:work-runtime:2.1.0] AndroidManifest.xml:40:13-44
130            android:enabled="@bool/enable_system_alarm_service_default"
130-->[androidx.work:work-runtime:2.1.0] AndroidManifest.xml:41:13-72
131            android:exported="false" />
131-->[androidx.work:work-runtime:2.1.0] AndroidManifest.xml:42:13-37
132        <service
132-->[androidx.work:work-runtime:2.1.0] AndroidManifest.xml:44:9-50:35
133            android:name="androidx.work.impl.background.systemjob.SystemJobService"
133-->[androidx.work:work-runtime:2.1.0] AndroidManifest.xml:45:13-84
134            android:directBootAware="false"
134-->[androidx.work:work-runtime:2.1.0] AndroidManifest.xml:46:13-44
135            android:enabled="@bool/enable_system_job_service_default"
135-->[androidx.work:work-runtime:2.1.0] AndroidManifest.xml:47:13-70
136            android:exported="true"
136-->[androidx.work:work-runtime:2.1.0] AndroidManifest.xml:48:13-36
137            android:permission="android.permission.BIND_JOB_SERVICE" />
137-->[androidx.work:work-runtime:2.1.0] AndroidManifest.xml:49:13-69
138
139        <receiver
139-->[androidx.work:work-runtime:2.1.0] AndroidManifest.xml:52:9-57:35
140            android:name="androidx.work.impl.utils.ForceStopRunnable$BroadcastReceiver"
140-->[androidx.work:work-runtime:2.1.0] AndroidManifest.xml:53:13-88
141            android:directBootAware="false"
141-->[androidx.work:work-runtime:2.1.0] AndroidManifest.xml:54:13-44
142            android:enabled="true"
142-->[androidx.work:work-runtime:2.1.0] AndroidManifest.xml:55:13-35
143            android:exported="false" />
143-->[androidx.work:work-runtime:2.1.0] AndroidManifest.xml:56:13-37
144        <receiver
144-->[androidx.work:work-runtime:2.1.0] AndroidManifest.xml:58:9-68:20
145            android:name="androidx.work.impl.background.systemalarm.ConstraintProxy$BatteryChargingProxy"
145-->[androidx.work:work-runtime:2.1.0] AndroidManifest.xml:59:13-106
146            android:directBootAware="false"
146-->[androidx.work:work-runtime:2.1.0] AndroidManifest.xml:60:13-44
147            android:enabled="false"
147-->[androidx.work:work-runtime:2.1.0] AndroidManifest.xml:61:13-36
148            android:exported="false" >
148-->[androidx.work:work-runtime:2.1.0] AndroidManifest.xml:62:13-37
149            <intent-filter>
149-->[androidx.work:work-runtime:2.1.0] AndroidManifest.xml:64:13-67:29
150                <action android:name="android.intent.action.ACTION_POWER_CONNECTED" />
150-->[androidx.work:work-runtime:2.1.0] AndroidManifest.xml:65:17-87
150-->[androidx.work:work-runtime:2.1.0] AndroidManifest.xml:65:25-84
151                <action android:name="android.intent.action.ACTION_POWER_DISCONNECTED" />
151-->[androidx.work:work-runtime:2.1.0] AndroidManifest.xml:66:17-90
151-->[androidx.work:work-runtime:2.1.0] AndroidManifest.xml:66:25-87
152            </intent-filter>
153        </receiver>
154        <receiver
154-->[androidx.work:work-runtime:2.1.0] AndroidManifest.xml:69:9-79:20
155            android:name="androidx.work.impl.background.systemalarm.ConstraintProxy$BatteryNotLowProxy"
155-->[androidx.work:work-runtime:2.1.0] AndroidManifest.xml:70:13-104
156            android:directBootAware="false"
156-->[androidx.work:work-runtime:2.1.0] AndroidManifest.xml:71:13-44
157            android:enabled="false"
157-->[androidx.work:work-runtime:2.1.0] AndroidManifest.xml:72:13-36
158            android:exported="false" >
158-->[androidx.work:work-runtime:2.1.0] AndroidManifest.xml:73:13-37
159            <intent-filter>
159-->[androidx.work:work-runtime:2.1.0] AndroidManifest.xml:75:13-78:29
160                <action android:name="android.intent.action.BATTERY_OKAY" />
160-->[androidx.work:work-runtime:2.1.0] AndroidManifest.xml:76:17-77
160-->[androidx.work:work-runtime:2.1.0] AndroidManifest.xml:76:25-74
161                <action android:name="android.intent.action.BATTERY_LOW" />
161-->[androidx.work:work-runtime:2.1.0] AndroidManifest.xml:77:17-76
161-->[androidx.work:work-runtime:2.1.0] AndroidManifest.xml:77:25-73
162            </intent-filter>
163        </receiver>
164        <receiver
164-->[androidx.work:work-runtime:2.1.0] AndroidManifest.xml:80:9-90:20
165            android:name="androidx.work.impl.background.systemalarm.ConstraintProxy$StorageNotLowProxy"
165-->[androidx.work:work-runtime:2.1.0] AndroidManifest.xml:81:13-104
166            android:directBootAware="false"
166-->[androidx.work:work-runtime:2.1.0] AndroidManifest.xml:82:13-44
167            android:enabled="false"
167-->[androidx.work:work-runtime:2.1.0] AndroidManifest.xml:83:13-36
168            android:exported="false" >
168-->[androidx.work:work-runtime:2.1.0] AndroidManifest.xml:84:13-37
169            <intent-filter>
169-->[androidx.work:work-runtime:2.1.0] AndroidManifest.xml:86:13-89:29
170                <action android:name="android.intent.action.DEVICE_STORAGE_LOW" />
170-->[androidx.work:work-runtime:2.1.0] AndroidManifest.xml:87:17-83
170-->[androidx.work:work-runtime:2.1.0] AndroidManifest.xml:87:25-80
171                <action android:name="android.intent.action.DEVICE_STORAGE_OK" />
171-->[androidx.work:work-runtime:2.1.0] AndroidManifest.xml:88:17-82
171-->[androidx.work:work-runtime:2.1.0] AndroidManifest.xml:88:25-79
172            </intent-filter>
173        </receiver>
174        <receiver
174-->[androidx.work:work-runtime:2.1.0] AndroidManifest.xml:91:9-100:20
175            android:name="androidx.work.impl.background.systemalarm.ConstraintProxy$NetworkStateProxy"
175-->[androidx.work:work-runtime:2.1.0] AndroidManifest.xml:92:13-103
176            android:directBootAware="false"
176-->[androidx.work:work-runtime:2.1.0] AndroidManifest.xml:93:13-44
177            android:enabled="false"
177-->[androidx.work:work-runtime:2.1.0] AndroidManifest.xml:94:13-36
178            android:exported="false" >
178-->[androidx.work:work-runtime:2.1.0] AndroidManifest.xml:95:13-37
179            <intent-filter>
179-->[androidx.work:work-runtime:2.1.0] AndroidManifest.xml:97:13-99:29
180                <action android:name="android.net.conn.CONNECTIVITY_CHANGE" />
180-->[androidx.work:work-runtime:2.1.0] AndroidManifest.xml:98:17-79
180-->[androidx.work:work-runtime:2.1.0] AndroidManifest.xml:98:25-76
181            </intent-filter>
182        </receiver>
183        <receiver
183-->[androidx.work:work-runtime:2.1.0] AndroidManifest.xml:101:9-112:20
184            android:name="androidx.work.impl.background.systemalarm.RescheduleReceiver"
184-->[androidx.work:work-runtime:2.1.0] AndroidManifest.xml:102:13-88
185            android:directBootAware="false"
185-->[androidx.work:work-runtime:2.1.0] AndroidManifest.xml:103:13-44
186            android:enabled="false"
186-->[androidx.work:work-runtime:2.1.0] AndroidManifest.xml:104:13-36
187            android:exported="false" >
187-->[androidx.work:work-runtime:2.1.0] AndroidManifest.xml:105:13-37
188            <intent-filter>
188-->[androidx.work:work-runtime:2.1.0] AndroidManifest.xml:107:13-111:29
189                <action android:name="android.intent.action.BOOT_COMPLETED" />
189-->[androidx.work:work-runtime:2.1.0] AndroidManifest.xml:108:17-79
189-->[androidx.work:work-runtime:2.1.0] AndroidManifest.xml:108:25-76
190                <action android:name="android.intent.action.TIME_SET" />
190-->[androidx.work:work-runtime:2.1.0] AndroidManifest.xml:109:17-73
190-->[androidx.work:work-runtime:2.1.0] AndroidManifest.xml:109:25-70
191                <action android:name="android.intent.action.TIMEZONE_CHANGED" />
191-->[androidx.work:work-runtime:2.1.0] AndroidManifest.xml:110:17-81
191-->[androidx.work:work-runtime:2.1.0] AndroidManifest.xml:110:25-78
192            </intent-filter>
193        </receiver>
194        <receiver
194-->[androidx.work:work-runtime:2.1.0] AndroidManifest.xml:113:9-122:20
195            android:name="androidx.work.impl.background.systemalarm.ConstraintProxyUpdateReceiver"
195-->[androidx.work:work-runtime:2.1.0] AndroidManifest.xml:114:13-99
196            android:directBootAware="false"
196-->[androidx.work:work-runtime:2.1.0] AndroidManifest.xml:115:13-44
197            android:enabled="@bool/enable_system_alarm_service_default"
197-->[androidx.work:work-runtime:2.1.0] AndroidManifest.xml:116:13-72
198            android:exported="false" >
198-->[androidx.work:work-runtime:2.1.0] AndroidManifest.xml:117:13-37
199            <intent-filter>
199-->[androidx.work:work-runtime:2.1.0] AndroidManifest.xml:119:13-121:29
200                <action android:name="androidx.work.impl.background.systemalarm.UpdateProxies" />
200-->[androidx.work:work-runtime:2.1.0] AndroidManifest.xml:120:17-98
200-->[androidx.work:work-runtime:2.1.0] AndroidManifest.xml:120:25-95
201            </intent-filter>
202        </receiver>
203
204        <service
204-->[androidx.room:room-runtime:2.1.0] AndroidManifest.xml:25:9-27:40
205            android:name="androidx.room.MultiInstanceInvalidationService"
205-->[androidx.room:room-runtime:2.1.0] AndroidManifest.xml:26:13-74
206            android:exported="false" />
206-->[androidx.room:room-runtime:2.1.0] AndroidManifest.xml:27:13-37
207    </application>
208
209</manifest>